c:\learprg\raef\school\wsu\2022\fall\cs_ii\lab\lab_3_lists_stacks_queues\lab_3_lists_stacks_queues\debug\vc143.pdb
c:\learprg\raef\school\wsu\2022\fall\cs_ii\lab\lab_3_lists_stacks_queues\lab_3_lists_stacks_queues\debug\vc143.idb
c:\learprg\raef\school\wsu\2022\fall\cs_ii\lab\lab_3_lists_stacks_queues\lab_3_lists_stacks_queues\debug\lab_3_lists_stacks_queues_jacob.obj
c:\learprg\raef\school\wsu\2022\fall\cs_ii\lab\lab_3_lists_stacks_queues\lab_3_lists_stacks_queues\debug\lab_3_lists_stacks_queues_ref.obj
c:\learprg\raef\school\wsu\2022\fall\cs_ii\lab\lab_3_lists_stacks_queues\lab_3_lists_stacks_queues\debug\lab_3_lists_stacks_queues_ref_test.obj
c:\learprg\raef\school\wsu\2023\winter\cs_ii\lab\lab_3_lists_stacks_queues\lab_3_lists_stacks_queues\debug\vc143.pdb
c:\learprg\raef\school\wsu\2023\winter\cs_ii\lab\lab_3_lists_stacks_queues\lab_3_lists_stacks_queues\debug\vc143.idb
c:\learprg\raef\school\wsu\2023\winter\cs_ii\lab\lab_3_lists_stacks_queues\lab_3_lists_stacks_queues\debug\lab_3_lists_stacks_queues_ref_test.obj
c:\learprg\raef\school\wsu\2023\winter\cs_ii\lab\lab_3_lists_stacks_queues\lab_3_lists_stacks_queues\debug\lab_3_lists_stacks_queues.obj
c:\learprg\raef\school\wsu\2022\fall\cs_ii\lab\lab_3_lists_stacks_queues\debug\lab_3_lists_stacks_queues.exe
c:\learprg\raef\school\wsu\2022\fall\cs_ii\lab\lab_3_lists_stacks_queues\lab_3_lists_stacks_queues\debug\lab_3_lists_stacks_queues.ilk
c:\learprg\raef\school\wsu\2022\fall\cs_ii\lab\lab_3_lists_stacks_queues\debug\lab_3_lists_stacks_queues.pdb
c:\learprg\raef\school\wsu\2023\winter\cs_ii\lab\lab_3_lists_stacks_queues\debug\lab_3_lists_stacks_queues.exe
c:\learprg\raef\school\wsu\2023\winter\cs_ii\lab\lab_3_lists_stacks_queues\lab_3_lists_stacks_queues\debug\lab_3_lists_stacks_queues.ilk
c:\learprg\raef\school\wsu\2023\winter\cs_ii\lab\lab_3_lists_stacks_queues\debug\lab_3_lists_stacks_queues.pdb
c:\learprg\raef\school\wsu\2023\winter\cs_ii\lab\lab_3_lists_stacks_queues\lab_3_lists_stacks_queues\debug\lab_3_lists_stacks_queues_jacob.obj
c:\learprg\raef\school\wsu\2023\winter\cs_ii\lab\lab_3_lists_stacks_queues\lab_3_lists_stacks_queues\debug\lab_3_lists_stacks_queues_ref.obj
c:\learprg\raef\school\wsu\2023\winter\cs_ii\lab\lab_3_lists_stacks_queues\lab_3_lists_stacks_queues\debug\lab_3_li.56c4549f.tlog\cl.command.1.tlog
c:\learprg\raef\school\wsu\2023\winter\cs_ii\lab\lab_3_lists_stacks_queues\lab_3_lists_stacks_queues\debug\lab_3_li.56c4549f.tlog\cl.read.1.tlog
c:\learprg\raef\school\wsu\2023\winter\cs_ii\lab\lab_3_lists_stacks_queues\lab_3_lists_stacks_queues\debug\lab_3_li.56c4549f.tlog\cl.write.1.tlog
c:\learprg\raef\school\wsu\2023\winter\cs_ii\lab\lab_3_lists_stacks_queues\lab_3_lists_stacks_queues\debug\lab_3_li.56c4549f.tlog\link.command.1.tlog
c:\learprg\raef\school\wsu\2023\winter\cs_ii\lab\lab_3_lists_stacks_queues\lab_3_lists_stacks_queues\debug\lab_3_li.56c4549f.tlog\link.read.1.tlog
c:\learprg\raef\school\wsu\2023\winter\cs_ii\lab\lab_3_lists_stacks_queues\lab_3_lists_stacks_queues\debug\lab_3_li.56c4549f.tlog\link.write.1.tlog
